2021-04-29 11:59:44:5944 [35mhttp[39m: [35mPOST /auth/login 200 136 - 119.320 ms[39m
[35m[39m
2021-04-29 13:59:41:5941 [35mhttp[39m: [35mPOST /auth/login 200 136 - 181.401 ms[39m
[35m[39m
2021-04-29 14:00:30:030 [35mhttp[39m: [35mPOST /auth/login 200 136 - 223.299 ms[39m
[35m[39m
2021-04-29 14:00:42:042 [35mhttp[39m: [35mPOST /auth/login 200 136 - 13.576 ms[39m
[35m[39m
2021-04-29 14:04:17:417 [35mhttp[39m: [35mPOST /auth/login 401 2 - 365.050 ms[39m
[35m[39m
2021-04-29 14:05:03:53 [35mhttp[39m: [35mPOST /auth/login 401 2 - 352.471 ms[39m
[35m[39m
2021-04-29 14:05:32:532 [35mhttp[39m: [35mPOST /auth/login 401 2 - 353.864 ms[39m
[35m[39m
2021-04-29 14:09:36:936 [35mhttp[39m: [35mPOST /auth/login 401 24 - 390.532 ms[39m
[35m[39m
2021-04-29 14:09:40:940 [35mhttp[39m: [35mPOST /auth/login 401 20 - 16.814 ms[39m
[35m[39m
2021-04-29 14:09:47:947 [35mhttp[39m: [35mPOST /auth/login 200 136 - 223.232 ms[39m
[35m[39m
2021-04-29 14:25:05:255 [35mhttp[39m: [35mPOST /auth/login 200 136 - 225.862 ms[39m
[35m[39m
2021-04-29 17:06:13:613 [35mhttp[39m: [35mGET / 304 - - 7.898 ms[39m
[35m[39m
2021-04-29 17:06:22:622 [35mhttp[39m: [35mPOST /auth/login 401 20 - 307.593 ms[39m
[35m[39m
2021-04-29 17:06:27:627 [35mhttp[39m: [35mPOST /auth/login 200 136 - 219.738 ms[39m
[35m[39m
2021-04-29 17:06:30:630 [35mhttp[39m: [35mPOST /auth/login 200 136 - 192.273 ms[39m
[35m[39m
2021-04-30 13:31:18:3118 [35mhttp[39m: [35mGET / 304 - - 6.946 ms[39m
[35m[39m
2021-04-30 13:31:18:3118 [35mhttp[39m: [35mGET / 304 - - 1.104 ms[39m
[35m[39m
2021-05-03 09:51:54:5154 [35mhttp[39m: [35mGET / 304 - - 7.181 ms[39m
[35m[39m
2021-05-08 19:50:10:5010 [35mhttp[39m: [35mPOST /enquiries/ 200 740 - 230.010 ms[39m
[35m[39m
2021-05-08 19:50:15:5015 [35mhttp[39m: [35mGET /enquiries/ 200 742 - 22.767 ms[39m
[35m[39m
2021-05-15 15:49:27:4927 [35mhttp[39m: [35mGET / 200 32 - 7.905 ms[39m
[35m[39m
2021-05-15 15:53:02:532 [35mhttp[39m: [35mGET / 304 - - 9.197 ms[39m
[35m[39m
2021-05-15 16:24:19:2419 [35mhttp[39m: [35mGET / 304 - - 11.864 ms[39m
[35m[39m
2021-06-11 19:04:47:447 [35mhttp[39m: [35mPOST /auth/login 200 127 - 230.686 ms[39m
[35m[39m
2021-06-11 19:04:47:447 [35mhttp[39m: [35mGET /init 200 41 - 10.432 ms[39m
[35m[39m
2021-06-11 19:07:46:746 [35mhttp[39m: [35mPOST /auth/login 200 127 - 80.238 ms[39m
[35m[39m
2021-06-11 19:07:46:746 [35mhttp[39m: [35mGET /init 304 - - 6.197 ms[39m
[35m[39m
2021-06-11 19:19:15:1915 [35mhttp[39m: [35mGET /enquiries 200 1795 - 29.999 ms[39m
[35m[39m
2021-06-11 19:19:41:1941 [35mhttp[39m: [35mGET /enquiries 304 - - 4.348 ms[39m
[35m[39m
2021-06-11 19:20:21:2021 [35mhttp[39m: [35mGET /enquiries 304 - - 5.861 ms[39m
[35m[39m
2021-06-11 19:21:08:218 [35mhttp[39m: [35mGET /enquiries 304 - - 5.898 ms[39m
[35m[39m
2021-06-11 19:21:30:2130 [35mhttp[39m: [35mGET /enquiries 304 - - 4.330 ms[39m
[35m[39m
2021-06-11 19:21:48:2148 [35mhttp[39m: [35mGET /enquiries 304 - - 6.339 ms[39m
[35m[39m
2021-06-11 19:21:55:2155 [35mhttp[39m: [35mGET /enquiries 304 - - 4.012 ms[39m
[35m[39m
2021-06-11 19:22:33:2233 [35mhttp[39m: [35mGET /enquiries 304 - - 4.410 ms[39m
[35m[39m
2021-06-11 19:22:36:2236 [35mhttp[39m: [35mGET /enquiries 304 - - 5.671 ms[39m
[35m[39m
2021-06-11 19:22:45:2245 [35mhttp[39m: [35mGET /enquiries 304 - - 4.109 ms[39m
[35m[39m
2021-06-11 19:22:56:2256 [35mhttp[39m: [35mGET /enquiries 304 - - 4.404 ms[39m
[35m[39m
2021-06-11 19:22:59:2259 [35mhttp[39m: [35mGET /enquiries 304 - - 3.450 ms[39m
[35m[39m
2021-06-11 19:23:21:2321 [35mhttp[39m: [35mGET /enquiries 304 - - 5.662 ms[39m
[35m[39m
2021-06-11 19:23:39:2339 [35mhttp[39m: [35mGET /enquiries 304 - - 7.225 ms[39m
[35m[39m
2021-06-11 19:23:59:2359 [35mhttp[39m: [35mGET /enquiries 304 - - 4.059 ms[39m
[35m[39m
2021-06-11 19:24:29:2429 [35mhttp[39m: [35mGET /enquiries 304 - - 5.451 ms[39m
[35m[39m
2021-06-11 19:24:31:2431 [35mhttp[39m: [35mGET /enquiries 304 - - 3.537 ms[39m
[35m[39m
2021-06-11 19:24:43:2443 [35mhttp[39m: [35mGET /enquiries 304 - - 4.354 ms[39m
[35m[39m
2021-06-11 19:24:52:2452 [35mhttp[39m: [35mGET /enquiries 304 - - 6.153 ms[39m
[35m[39m
2021-06-11 19:25:23:2523 [35mhttp[39m: [35mGET /enquiries 304 - - 6.282 ms[39m
[35m[39m
2021-06-11 19:25:25:2525 [35mhttp[39m: [35mGET /enquiries 304 - - 4.322 ms[39m
[35m[39m
2021-06-11 19:25:27:2527 [35mhttp[39m: [35mGET /enquiries 304 - - 3.750 ms[39m
[35m[39m
2021-06-11 19:25:27:2527 [35mhttp[39m: [35mGET /enquiries 304 - - 3.721 ms[39m
[35m[39m
2021-06-11 19:25:40:2540 [35mhttp[39m: [35mGET /enquiries 304 - - 5.811 ms[39m
[35m[39m
2021-06-11 19:25:45:2545 [35mhttp[39m: [35mGET /enquiries 304 - - 5.296 ms[39m
[35m[39m
2021-06-11 19:25:51:2551 [35mhttp[39m: [35mGET /enquiries 304 - - 5.391 ms[39m
[35m[39m
2021-06-11 19:25:56:2556 [35mhttp[39m: [35mGET /enquiries 304 - - 5.305 ms[39m
[35m[39m
2021-06-11 19:26:00:260 [35mhttp[39m: [35mGET /enquiries 304 - - 5.299 ms[39m
[35m[39m
2021-06-11 19:26:04:264 [35mhttp[39m: [35mGET /enquiries 304 - - 4.433 ms[39m
[35m[39m
2021-06-11 19:26:09:269 [35mhttp[39m: [35mGET /enquiries 304 - - 4.184 ms[39m
[35m[39m
2021-06-11 19:26:13:2613 [35mhttp[39m: [35mGET /enquiries 304 - - 4.929 ms[39m
[35m[39m
2021-06-11 19:26:16:2616 [35mhttp[39m: [35mGET /enquiries 304 - - 4.122 ms[39m
[35m[39m
2021-06-11 19:26:19:2619 [35mhttp[39m: [35mGET /enquiries 304 - - 3.295 ms[39m
[35m[39m
2021-06-11 19:26:22:2622 [35mhttp[39m: [35mGET /enquiries 304 - - 3.599 ms[39m
[35m[39m
2021-06-11 19:26:26:2626 [35mhttp[39m: [35mGET /enquiries 304 - - 3.416 ms[39m
[35m[39m
2021-06-11 19:26:29:2629 [35mhttp[39m: [35mGET /enquiries 304 - - 4.702 ms[39m
[35m[39m
2021-06-11 19:26:31:2631 [35mhttp[39m: [35mGET /enquiries 304 - - 4.078 ms[39m
[35m[39m
2021-06-11 19:26:47:2647 [35mhttp[39m: [35mGET /enquiries 304 - - 4.116 ms[39m
[35m[39m
2021-06-11 19:26:56:2656 [35mhttp[39m: [35mGET /enquiries 304 - - 6.705 ms[39m
[35m[39m
2021-06-11 19:27:12:2712 [35mhttp[39m: [35mGET /enquiries 304 - - 6.045 ms[39m
[35m[39m
2021-06-11 19:27:18:2718 [35mhttp[39m: [35mGET /enquiries 304 - - 3.953 ms[39m
[35m[39m
2021-06-11 19:27:21:2721 [35mhttp[39m: [35mGET /enquiries 304 - - 3.750 ms[39m
[35m[39m
2021-06-11 19:27:33:2733 [35mhttp[39m: [35mGET /enquiries 304 - - 6.495 ms[39m
[35m[39m
2021-06-11 19:27:53:2753 [35mhttp[39m: [35mGET /enquiries 304 - - 4.391 ms[39m
[35m[39m
2021-06-11 19:28:11:2811 [35mhttp[39m: [35mGET /enquiries 304 - - 4.222 ms[39m
[35m[39m
2021-06-11 19:28:39:2839 [35mhttp[39m: [35mGET /enquiries 304 - - 5.790 ms[39m
[35m[39m
2021-06-11 19:28:56:2856 [35mhttp[39m: [35mGET /enquiries 304 - - 4.276 ms[39m
[35m[39m
2021-06-11 19:28:58:2858 [35mhttp[39m: [35mGET /enquiries 304 - - 3.408 ms[39m
[35m[39m
2021-06-11 19:29:11:2911 [35mhttp[39m: [35mGET /enquiries 304 - - 4.542 ms[39m
[35m[39m
2021-06-11 19:29:13:2913 [35mhttp[39m: [35mGET /enquiries 304 - - 3.684 ms[39m
[35m[39m
2021-06-11 19:29:15:2915 [35mhttp[39m: [35mGET /enquiries 304 - - 3.386 ms[39m
[35m[39m
2021-06-11 19:29:37:2937 [35mhttp[39m: [35mPOST /enquiries/ 200 117 - 11.181 ms[39m
[35m[39m
2021-06-11 19:29:48:2948 [35mhttp[39m: [35mGET /enquiries 200 1913 - 4.153 ms[39m
[35m[39m
2021-06-11 19:32:52:3252 [35mhttp[39m: [35mGET /enquiries 304 - - 7.529 ms[39m
[35m[39m
2021-06-11 19:33:41:3341 [35mhttp[39m: [35mGET /enquiries 304 - - 5.900 ms[39m
[35m[39m
2021-06-11 19:34:28:3428 [35mhttp[39m: [35mGET /enquiries 304 - - 8.288 ms[39m
[35m[39m
2021-06-11 19:34:35:3435 [35mhttp[39m: [35mGET /enquiries 304 - - 3.754 ms[39m
[35m[39m
2021-06-11 19:34:43:3443 [35mhttp[39m: [35mGET /enquiries 304 - - 7.523 ms[39m
[35m[39m
2021-06-11 19:35:05:355 [35mhttp[39m: [35mGET /enquiries 304 - - 4.826 ms[39m
[35m[39m
2021-06-11 19:35:10:3510 [35mhttp[39m: [35mGET /enquiries 304 - - 5.179 ms[39m
[35m[39m
2021-06-11 19:35:11:3511 [35mhttp[39m: [35mGET /enquiries 304 - - 3.435 ms[39m
[35m[39m
2021-06-11 19:35:17:3517 [35mhttp[39m: [35mGET /enquiries 304 - - 3.990 ms[39m
[35m[39m
2021-06-11 19:35:37:3537 [35mhttp[39m: [35mGET /enquiries 304 - - 4.217 ms[39m
[35m[39m
2021-06-11 19:35:46:3546 [35mhttp[39m: [35mGET /enquiries 304 - - 3.742 ms[39m
[35m[39m
2021-06-11 19:36:10:3610 [35mhttp[39m: [35mGET /enquiries 304 - - 6.387 ms[39m
[35m[39m
2021-06-11 19:36:39:3639 [35mhttp[39m: [35mGET /enquiries 304 - - 4.227 ms[39m
[35m[39m
2021-06-11 19:36:39:3639 [35mhttp[39m: [35mGET /enquiries 304 - - 3.526 ms[39m
[35m[39m
2021-06-11 19:36:41:3641 [35mhttp[39m: [35mGET /enquiries 200 1913 - 4.449 ms[39m
[35m[39m
2021-06-11 19:37:02:372 [35mhttp[39m: [35mGET /enquiries 304 - - 5.778 ms[39m
[35m[39m
2021-06-11 19:37:15:3715 [35mhttp[39m: [35mGET /enquiries 304 - - 4.225 ms[39m
[35m[39m
2021-06-11 19:37:19:3719 [35mhttp[39m: [35mGET /enquiries 304 - - 4.208 ms[39m
[35m[39m
2021-06-11 19:37:29:3729 [35mhttp[39m: [35mGET /enquiries 304 - - 4.692 ms[39m
[35m[39m
2021-06-11 19:37:33:3733 [35mhttp[39m: [35mGET /enquiries 304 - - 5.871 ms[39m
[35m[39m
2021-06-11 19:37:39:3739 [35mhttp[39m: [35mGET /enquiries 304 - - 4.944 ms[39m
[35m[39m
2021-06-11 19:37:45:3745 [35mhttp[39m: [35mGET /enquiries 304 - - 4.394 ms[39m
[35m[39m
2021-06-11 19:37:57:3757 [35mhttp[39m: [35mGET /enquiries 304 - - 4.304 ms[39m
[35m[39m
2021-06-11 19:38:00:380 [35mhttp[39m: [35mGET /enquiries 304 - - 6.518 ms[39m
[35m[39m
2021-06-11 19:38:15:3815 [35mhttp[39m: [35mGET /enquiries 304 - - 4.622 ms[39m
[35m[39m
2021-06-11 19:38:40:3840 [35mhttp[39m: [35mGET /enquiries 304 - - 8.207 ms[39m
[35m[39m
2021-06-11 19:38:43:3843 [35mhttp[39m: [35mGET /enquiries 304 - - 3.608 ms[39m
[35m[39m
2021-06-11 19:38:59:3859 [35mhttp[39m: [35mGET /enquiries 304 - - 6.812 ms[39m
[35m[39m
2021-06-11 19:39:04:394 [35mhttp[39m: [35mGET /enquiries 304 - - 5.116 ms[39m
[35m[39m
2021-06-11 19:39:11:3911 [35mhttp[39m: [35mGET /enquiries 304 - - 4.948 ms[39m
[35m[39m
2021-06-11 19:39:29:3929 [35mhttp[39m: [35mGET /enquiries 304 - - 4.817 ms[39m
[35m[39m
2021-06-11 19:39:38:3938 [35mhttp[39m: [35mGET /enquiries 304 - - 3.999 ms[39m
[35m[39m
2021-06-11 19:39:49:3949 [35mhttp[39m: [35mGET /enquiries 304 - - 5.905 ms[39m
[35m[39m
2021-06-11 19:39:54:3954 [35mhttp[39m: [35mGET /enquiries 304 - - 4.785 ms[39m
[35m[39m
2021-06-11 19:39:59:3959 [35mhttp[39m: [35mGET /enquiries 304 - - 6.634 ms[39m
[35m[39m
2021-06-11 19:40:08:408 [35mhttp[39m: [35mGET /enquiries 304 - - 4.910 ms[39m
[35m[39m
2021-06-11 19:40:15:4015 [35mhttp[39m: [35mGET /enquiries 304 - - 4.309 ms[39m
[35m[39m
2021-06-11 19:40:20:4020 [35mhttp[39m: [35mGET /enquiries 304 - - 4.301 ms[39m
[35m[39m
2021-06-11 19:40:26:4026 [35mhttp[39m: [35mGET /enquiries 304 - - 6.466 ms[39m
[35m[39m
2021-06-11 19:40:30:4030 [35mhttp[39m: [35mGET /enquiries 304 - - 3.416 ms[39m
[35m[39m
2021-06-11 19:41:00:410 [35mhttp[39m: [35mGET /enquiries 304 - - 4.891 ms[39m
[35m[39m
2021-06-11 19:41:01:411 [35mhttp[39m: [35mGET /enquiries 304 - - 3.594 ms[39m
[35m[39m
2021-06-11 19:41:02:412 [35mhttp[39m: [35mGET /enquiries 304 - - 5.170 ms[39m
[35m[39m
2021-06-11 19:41:04:414 [35mhttp[39m: [35mGET /enquiries 200 1913 - 3.576 ms[39m
[35m[39m
2021-06-11 19:41:12:4112 [35mhttp[39m: [35mGET /enquiries 304 - - 4.394 ms[39m
[35m[39m
2021-06-11 19:41:54:4154 [35mhttp[39m: [35mGET /enquiries 304 - - 5.020 ms[39m
[35m[39m
2021-06-11 19:42:08:428 [35mhttp[39m: [35mGET /enquiries 304 - - 7.834 ms[39m
[35m[39m
2021-06-11 19:42:35:4235 [35mhttp[39m: [35mGET /enquiries 304 - - 4.220 ms[39m
[35m[39m
2021-06-11 19:42:46:4246 [35mhttp[39m: [35mGET /enquiries 304 - - 4.585 ms[39m
[35m[39m
2021-06-11 19:42:52:4252 [35mhttp[39m: [35mGET /enquiries 304 - - 4.841 ms[39m
[35m[39m
2021-06-11 19:43:17:4317 [35mhttp[39m: [35mGET /enquiries 304 - - 5.682 ms[39m
[35m[39m
2021-06-11 19:43:27:4327 [35mhttp[39m: [35mGET /enquiries 304 - - 4.260 ms[39m
[35m[39m
2021-06-11 19:43:35:4335 [35mhttp[39m: [35mGET /enquiries 304 - - 4.225 ms[39m
[35m[39m
2021-06-11 19:43:58:4358 [35mhttp[39m: [35mGET /enquiries 304 - - 4.114 ms[39m
[35m[39m
2021-06-11 19:44:00:440 [35mhttp[39m: [35mGET /enquiries 304 - - 3.474 ms[39m
[35m[39m
2021-06-11 19:44:07:447 [35mhttp[39m: [35mGET /enquiries 304 - - 4.199 ms[39m
[35m[39m
2021-06-11 19:44:12:4412 [35mhttp[39m: [35mGET /enquiries 304 - - 3.844 ms[39m
[35m[39m
2021-06-11 19:44:12:4412 [35mhttp[39m: [35mGET /enquiries 304 - - 3.408 ms[39m
[35m[39m
2021-06-11 19:44:19:4419 [35mhttp[39m: [35mGET /enquiries 304 - - 4.560 ms[39m
[35m[39m
2021-06-11 19:44:28:4428 [35mhttp[39m: [35mGET /enquiries 304 - - 4.090 ms[39m
[35m[39m
2021-06-11 19:44:38:4438 [35mhttp[39m: [35mGET /enquiries 304 - - 3.957 ms[39m
[35m[39m
2021-06-11 19:44:52:4452 [35mhttp[39m: [35mGET /enquiries 304 - - 5.446 ms[39m
[35m[39m
2021-06-11 19:45:10:4510 [35mhttp[39m: [35mGET /enquiries 304 - - 4.101 ms[39m
[35m[39m
2021-06-11 19:45:11:4511 [35mhttp[39m: [35mGET /enquiries 304 - - 3.554 ms[39m
[35m[39m
2021-06-11 19:45:25:4525 [35mhttp[39m: [35mGET /enquiries 304 - - 4.263 ms[39m
[35m[39m
2021-06-11 19:45:37:4537 [35mhttp[39m: [35mGET /enquiries 304 - - 5.383 ms[39m
[35m[39m
2021-06-11 19:45:39:4539 [35mhttp[39m: [35mGET /enquiries 304 - - 3.700 ms[39m
[35m[39m
2021-06-11 19:46:00:460 [35mhttp[39m: [35mGET /enquiries 304 - - 4.003 ms[39m
[35m[39m
2021-06-11 19:46:00:460 [35mhttp[39m: [35mGET /enquiries 304 - - 3.195 ms[39m
[35m[39m
2021-06-11 19:46:09:469 [35mhttp[39m: [35mGET /enquiries 304 - - 6.180 ms[39m
[35m[39m
2021-06-11 19:46:21:4621 [35mhttp[39m: [35mGET /enquiries 304 - - 4.391 ms[39m
[35m[39m
2021-06-11 19:46:23:4623 [35mhttp[39m: [35mGET /enquiries 304 - - 3.362 ms[39m
[35m[39m
2021-06-11 19:46:25:4625 [35mhttp[39m: [35mGET /enquiries 304 - - 4.601 ms[39m
[35m[39m
2021-06-11 19:46:38:4638 [35mhttp[39m: [35mGET /enquiries 304 - - 5.932 ms[39m
[35m[39m
2021-06-11 19:46:42:4642 [35mhttp[39m: [35mGET /enquiries 304 - - 7.580 ms[39m
[35m[39m
2021-06-11 19:46:45:4645 [35mhttp[39m: [35mGET /enquiries 304 - - 3.583 ms[39m
[35m[39m
2021-06-11 19:47:06:476 [35mhttp[39m: [35mGET /enquiries 304 - - 3.897 ms[39m
[35m[39m
2021-06-11 19:47:08:478 [35mhttp[39m: [35mGET /enquiries 304 - - 6.265 ms[39m
[35m[39m
2021-06-11 19:48:59:4859 [35mhttp[39m: [35mGET /enquiries 304 - - 4.013 ms[39m
[35m[39m
2021-06-11 19:52:03:523 [35mhttp[39m: [35mGET /enquiries 304 - - 4.628 ms[39m
[35m[39m
